<?xml version="1.0" encoding="utf-8"?><testsuites name="pytest tests"><testsuite name="pytest" errors="0" failures="0" skipped="0" tests="11" time="2.359" timestamp="2025-06-19T11:36:01.400639+08:00" hostname="Zhengs-SP11"><testcase classname="tests.test_hierarchy_exporter.TestHierarchyExporterBasic" name="test_hierarchy_exporter_can_be_imported" time="0.000" /><testcase classname="tests.test_hierarchy_exporter.TestHierarchyExporterBasic" name="test_hierarchy_exporter_initialization" time="0.000" /><testcase classname="tests.test_hierarchy_exporter.TestHierarchyExporterBasic" name="test_simple_model_export" time="0.083" /><testcase classname="tests.test_hierarchy_exporter.TestUniversalTagging" name="test_single_module_tagging" time="0.006" /><testcase classname="tests.test_hierarchy_exporter.TestUniversalTagging" name="test_unused_operations_not_tagged" time="0.004" /><testcase classname="tests.test_hierarchy_exporter.TestUniversalTagging" name="test_shared_parameter_multiple_tags" time="0.008" /><testcase classname="tests.test_hierarchy_exporter.TestBaselineCompatibility" name="test_onnx_output_identical_except_tags" time="0.007" /><testcase classname="tests.test_hierarchy_exporter.TestBertIntegration" name="test_bert_export_universal_tags" time="1.586" /><testcase classname="tests.test_hierarchy_exporter.TestBertIntegration" name="test_bert_subgraph_extraction_universal" time="0.175" /><testcase classname="tests.test_hierarchy_exporter.TestTestDataGeneration" name="test_generate_test_data_script_exists" time="0.002" /><testcase classname="tests.test_hierarchy_exporter.TestTestDataGeneration" name="test_can_generate_bert_test_data" time="0.006" /></testsuite></testsuites>